# JRE version: Java(TM) SE Runtime Environment (8.0_05-b13) (build 1.8.0_05-b13)
# Java VM: Java HotSpot(TM) 64-Bit Server VM (25.5-b02 mixed mode windows-amd64 compressed oops)
Heap:
 PSYoungGen      total 5120K, used 3899K [0x00000000e0000000, 0x00000000e0b00000, 0x0000000100000000)
  eden space 4096K, 70% used [0x00000000e0000000,0x00000000e02cef58,0x00000000e0400000)
  from space 1024K, 100% used [0x00000000e0400000,0x00000000e0500000,0x00000000e0500000)
  to   space 1536K, 0% used [0x00000000e0980000,0x00000000e0980000,0x00000000e0b00000)
 ParOldGen       total 6656K, used 1155K [0x00000000a0000000, 0x00000000a0680000, 0x00000000e0000000)
  object space 6656K, 17% used [0x00000000a0000000,0x00000000a0120ce0,0x00000000a0680000)
 Metaspace       used 7249K, capacity 8116K, committed 8448K, reserved 1056768K
  class space    used 893K, capacity 944K, committed 1024K, reserved 1048576K
GC Heap History (10 events):
Event: 0.188 GC heap before
{Heap before GC invocations=3 (full 0):
 PSYoungGen      total 1536K, used 1536K [0x00000000e0000000, 0x00000000e0200000, 0x0000000100000000)
  eden space 1024K, 100% used [0x00000000e0000000,0x00000000e0100000,0x00000000e0100000)
  from space 512K, 100% used [0x00000000e0180000,0x00000000e0200000,0x00000000e0200000)
  to   space 512K, 0% used [0x00000000e0100000,0x00000000e0100000,0x00000000e0180000)
 ParOldGen       total 6656K, used 48K [0x00000000a0000000, 0x00000000a0680000, 0x00000000e0000000)
  object space 6656K, 0% used [0x00000000a0000000,0x00000000a000c000,0x00000000a0680000)
 Metaspace       used 3430K, capacity 4940K, committed 5120K, reserved 1056768K
  class space    used 396K, capacity 456K, committed 512K, reserved 1048576K
Event: 0.190 GC heap after
Heap after GC invocations=3 (full 0):
 PSYoungGen      total 1536K, used 480K [0x00000000e0000000, 0x00000000e0300000, 0x0000000100000000)
  eden space 1024K, 0% used [0x00000000e0000000,0x00000000e0000000,0x00000000e0100000)
  from space 512K, 93% used [0x00000000e0100000,0x00000000e0178020,0x00000000e0180000)
  to   space 512K, 0% used [0x00000000e0280000,0x00000000e0280000,0x00000000e0300000)
 ParOldGen       total 6656K, used 192K [0x00000000a0000000, 0x00000000a0680000, 0x00000000e0000000)
  object space 6656K, 2% used [0x00000000a0000000,0x00000000a0030000,0x00000000a0680000)
 Metaspace       used 3430K, capacity 4940K, committed 5120K, reserved 1056768K
  class space    used 396K, capacity 456K, committed 512K, reserved 1048576K
}
Event: 0.228 GC heap before
{Heap before GC invocations=4 (full 0):
 PSYoungGen      total 1536K, used 1504K [0x00000000e0000000, 0x00000000e0300000, 0x0000000100000000)
  eden space 1024K, 100% used [0x00000000e0000000,0x00000000e0100000,0x00000000e0100000)
  from space 512K, 93% used [0x00000000e0100000,0x00000000e0178020,0x00000000e0180000)
  to   space 512K, 0% used [0x00000000e0280000,0x00000000e0280000,0x00000000e0300000)
 ParOldGen       total 6656K, used 192K [0x00000000a0000000, 0x00000000a0680000, 0x00000000e0000000)
  object space 6656K, 2% used [0x00000000a0000000,0x00000000a0030000,0x00000000a0680000)
 Metaspace       used 3986K, capacity 5324K, committed 5504K, reserved 1056768K
  class space    used 477K, capacity 520K, committed 640K, reserved 1048576K
Event: 0.230 GC heap after
Heap after GC invocations=4 (full 0):
 PSYoungGen      total 2560K, used 496K [0x00000000e0000000, 0x00000000e0300000, 0x0000000100000000)
  eden space 2048K, 0% used [0x00000000e0000000,0x00000000e0000000,0x00000000e0200000)
  from space 512K, 96% used [0x00000000e0280000,0x00000000e02fc010,0x00000000e0300000)
  to   space 512K, 0% used [0x00000000e0200000,0x00000000e0200000,0x00000000e0280000)
 ParOldGen       total 6656K, used 264K [0x00000000a0000000, 0x00000000a0680000, 0x00000000e0000000)
  object space 6656K, 3% used [0x00000000a0000000,0x00000000a0042000,0x00000000a0680000)
 Metaspace       used 3986K, capacity 5324K, committed 5504K, reserved 1056768K
  class space    used 477K, capacity 520K, committed 640K, reserved 1048576K
}
Event: 0.290 GC heap before
{Heap before GC invocations=5 (full 0):
 PSYoungGen      total 2560K, used 2544K [0x00000000e0000000, 0x00000000e0300000, 0x0000000100000000)
  eden space 2048K, 100% used [0x00000000e0000000,0x00000000e0200000,0x00000000e0200000)
  from space 512K, 96% used [0x00000000e0280000,0x00000000e02fc010,0x00000000e0300000)
  to   space 512K, 0% used [0x00000000e0200000,0x00000000e0200000,0x00000000e0280000)
 ParOldGen       total 6656K, used 264K [0x00000000a0000000, 0x00000000a0680000, 0x00000000e0000000)
  object space 6656K, 3% used [0x00000000a0000000,0x00000000a0042000,0x00000000a0680000)
 Metaspace       used 4660K, capacity 5900K, committed 6016K, reserved 1056768K
  class space    used 565K, capacity 584K, committed 640K, reserved 1048576K
Event: 0.293 GC heap after
Heap after GC invocations=5 (full 0):
 PSYoungGen      total 2560K, used 496K [0x00000000e0000000, 0x00000000e0600000, 0x0000000100000000)
  eden space 2048K, 0% used [0x00000000e0000000,0x00000000e0000000,0x00000000e0200000)
  from space 512K, 96% used [0x00000000e0200000,0x00000000e027c010,0x00000000e0280000)
  to   space 1024K, 0% used [0x00000000e0500000,0x00000000e0500000,0x00000000e0600000)
 ParOldGen       total 6656K, used 716K [0x00000000a0000000, 0x00000000a0680000, 0x00000000e0000000)
  object space 6656K, 10% used [0x00000000a0000000,0x00000000a00b3030,0x00000000a0680000)
 Metaspace       used 4660K, capacity 5900K, committed 6016K, reserved 1056768K
  class space    used 565K, capacity 584K, committed 640K, reserved 1048576K
}
Event: 0.357 GC heap before
{Heap before GC invocations=6 (full 0):
 PSYoungGen      total 2560K, used 2535K [0x00000000e0000000, 0x00000000e0600000, 0x0000000100000000)
  eden space 2048K, 99% used [0x00000000e0000000,0x00000000e01fde38,0x00000000e0200000)
  from space 512K, 96% used [0x00000000e0200000,0x00000000e027c010,0x00000000e0280000)
  to   space 1024K, 0% used [0x00000000e0500000,0x00000000e0500000,0x00000000e0600000)
 ParOldGen       total 6656K, used 716K [0x00000000a0000000, 0x00000000a0680000, 0x00000000e0000000)
  object space 6656K, 10% used [0x00000000a0000000,0x00000000a00b3030,0x00000000a0680000)
 Metaspace       used 5261K, capacity 6540K, committed 6656K, reserved 1056768K
  class space    used 672K, capacity 712K, committed 768K, reserved 1048576K
Event: 0.359 GC heap after
Heap after GC invocations=6 (full 0):
 PSYoungGen      total 5120K, used 608K [0x00000000e0000000, 0x00000000e0600000, 0x0000000100000000)
  eden space 4096K, 0% used [0x00000000e0000000,0x00000000e0000000,0x00000000e0400000)
  from space 1024K, 59% used [0x00000000e0500000,0x00000000e0598020,0x00000000e0600000)
  to   space 1024K, 0% used [0x00000000e0400000,0x00000000e0400000,0x00000000e0500000)
 ParOldGen       total 6656K, used 724K [0x00000000a0000000, 0x00000000a0680000, 0x00000000e0000000)
  object space 6656K, 10% used [0x00000000a0000000,0x00000000a00b5030,0x00000000a0680000)
 Metaspace       used 5261K, capacity 6540K, committed 6656K, reserved 1056768K
  class space    used 672K, capacity 712K, committed 768K, reserved 1048576K
}
Event: 0.503 GC heap before
{Heap before GC invocations=7 (full 0):
 PSYoungGen      total 5120K, used 4703K [0x00000000e0000000, 0x00000000e0600000, 0x0000000100000000)
  eden space 4096K, 99% used [0x00000000e0000000,0x00000000e03fffc0,0x00000000e0400000)
  from space 1024K, 59% used [0x00000000e0500000,0x00000000e0598020,0x00000000e0600000)
  to   space 1024K, 0% used [0x00000000e0400000,0x00000000e0400000,0x00000000e0500000)
 ParOldGen       total 6656K, used 724K [0x00000000a0000000, 0x00000000a0680000, 0x00000000e0000000)
  object space 6656K, 10% used [0x00000000a0000000,0x00000000a00b5030,0x00000000a0680000)
 Metaspace       used 6728K, capacity 7732K, committed 7808K, reserved 1056768K
  class space    used 844K, capacity 880K, committed 896K, reserved 1048576K
Event: 0.507 GC heap after
Heap after GC invocations=7 (full 0):
 PSYoungGen      total 5120K, used 1024K [0x00000000e0000000, 0x00000000e0b00000, 0x0000000100000000)
  eden space 4096K, 0% used [0x00000000e0000000,0x00000000e0000000,0x00000000e0400000)
  from space 1024K, 100% used [0x00000000e0400000,0x00000000e0500000,0x00000000e0500000)
  to   space 1536K, 0% used [0x00000000e0980000,0x00000000e0980000,0x00000000e0b00000)
 ParOldGen       total 6656K, used 1155K [0x00000000a0000000, 0x00000000a0680000, 0x00000000e0000000)
  object space 6656K, 17% used [0x00000000a0000000,0x00000000a0120ce0,0x00000000a0680000)
 Metaspace       used 6728K, capacity 7732K, committed 7808K, reserved 1056768K
  class space    used 844K, capacity 880K, committed 896K, reserved 1048576K
}

